<?xml version="1.0" encoding="UTF-8"?>
<testsuite xmlns:xsi="http://www.w3.org/2001/XMLSchema-instance" xsi:noNamespaceSchemaLocation="https://maven.apache.org/surefire/maven-surefire-plugin/xsd/surefire-test-report-3.0.xsd" version="3.0" name="com.raby.citybot.controller.CityInfoControllerTest" time="1.554" tests="2" errors="0" skipped="0" failures="0">
  <properties>
[...]
</properties>
  <testcase name="testAdd" classname="com.raby.citybot.controller.CityInfoControllerTest" time="1.522">
    <system-out><![CDATA[23:00:41.696 [main] DEBUG org.springframework.test.context.junit4.SpringJUnit4ClassRunner - SpringJUnit4ClassRunner constructor called with [class com.raby.citybot.repository.repository.CityRepositoryTest]
23:00:41.712 [main] DEBUG org.springframework.test.context.BootstrapUtils - Instantiating CacheAwareContextLoaderDelegate from class [org.springframework.test.context.cache.DefaultCacheAwareContextLoaderDelegate]
23:00:41.728 [main] DEBUG org.springframework.test.context.BootstrapUtils - Instantiating BootstrapContext using constructor [public org.springframework.test.context.support.DefaultBootstrapContext(java.lang.Class,org.springframework.test.context.CacheAwareContextLoaderDelegate)]
23:00:41.774 [main] DEBUG org.springframework.test.context.BootstrapUtils - Instantiating TestContextBootstrapper for test class [com.raby.citybot.repository.repository.CityRepositoryTest] from class [org.springframework.test.context.support.DefaultTestContextBootstrapper]
23:00:41.821 [main] DEBUG org.springframework.test.context.support.DefaultTestContextBootstrapper - Found explicit ContextLoader class [org.springframework.test.context.support.AnnotationConfigContextLoader] for context configuration attributes [ContextConfigurationAttributes@7d0b7e3c declaringClass = 'com.raby.citybot.repository.repository.CityRepositoryTest', classes = '{class com.raby.citybot.repository.configuration.RepositoryConfig}', locations = '{}', inheritLocations = true, initializers = '{}', inheritInitializers = true, name = [null], contextLoaderClass = 'org.springframework.test.context.support.AnnotationConfigContextLoader']
23:00:41.931 [main] DEBUG org.springframework.test.context.support.ActiveProfilesUtils - Could not find an 'annotation declaring class' for annotation type [org.springframework.test.context.ActiveProfiles] and class [com.raby.citybot.repository.repository.CityRepositoryTest]
23:00:41.931 [main] DEBUG org.springframework.test.context.support.DefaultTestContextBootstrapper - @TestExecutionListeners is not present for class [com.raby.citybot.repository.repository.CityRepositoryTest]: using defaults.
23:00:41.931 [main] INFO org.springframework.test.context.support.DefaultTestContextBootstrapper - Loaded default TestExecutionListener class names from location [META-INF/spring.factories]: [org.springframework.boot.test.mock.mockito.MockitoTestExecutionListener, org.springframework.boot.test.mock.mockito.ResetMocksTestExecutionListener, org.springframework.boot.test.autoconfigure.restdocs.RestDocsTestExecutionListener, org.springframework.boot.test.autoconfigure.web.client.MockRestServiceServerResetTestExecutionListener, org.springframework.boot.test.autoconfigure.web.servlet.MockMvcPrintOnlyOnFailureTestExecutionListener, org.springframework.boot.test.autoconfigure.web.servlet.WebDriverTestExecutionListener, org.springframework.boot.test.autoconfigure.webservices.client.MockWebServiceServerTestExecutionListener, org.springframework.test.context.web.ServletTestExecutionListener, org.springframework.test.context.support.DirtiesContextBeforeModesTestExecutionListener, org.springframework.test.context.support.DependencyInjectionTestExecutionListener, org.springframework.test.context.support.DirtiesContextTestExecutionListener, org.springframework.test.context.transaction.TransactionalTestExecutionListener, org.springframework.test.context.jdbc.SqlScriptsTestExecutionListener, org.springframework.test.context.event.EventPublishingTestExecutionListener]
23:00:41.962 [main] INFO org.springframework.test.context.support.DefaultTestContextBootstrapper - Using TestExecutionListeners: [org.springframework.test.context.web.ServletTestExecutionListener@e3b3b2f, org.springframework.test.context.support.DirtiesContextBeforeModesTestExecutionListener@50f6ac94, org.springframework.boot.test.mock.mockito.MockitoTestExecutionListener@6cc4cdb9, org.springframework.test.context.support.DependencyInjectionTestExecutionListener@28194a50, org.springframework.test.context.support.DirtiesContextTestExecutionListener@7f2cfe3f, org.springframework.test.context.transaction.TransactionalTestExecutionListener@1a5b6f42, org.springframework.test.context.jdbc.SqlScriptsTestExecutionListener@5038d0b5, org.springframework.test.context.event.EventPublishingTestExecutionListener@32115b28, org.springframework.boot.test.mock.mockito.ResetMocksTestExecutionListener@2ad48653, org.springframework.boot.test.autoconfigure.restdocs.RestDocsTestExecutionListener@6bb4dd34, org.springframework.boot.test.autoconfigure.web.client.MockRestServiceServerResetTestExecutionListener@7d9f158f, org.springframework.boot.test.autoconfigure.web.servlet.MockMvcPrintOnlyOnFailureTestExecutionListener@45efd90f, org.springframework.boot.test.autoconfigure.web.servlet.WebDriverTestExecutionListener@4b8729ff, org.springframework.boot.test.autoconfigure.webservices.client.MockWebServiceServerTestExecutionListener@61710c6]
23:00:41.962 [main] DEBUG org.springframework.test.annotation.ProfileValueUtils - Retrieved @ProfileValueSourceConfiguration [null] for test class [com.raby.citybot.repository.repository.CityRepositoryTest]
23:00:41.962 [main] DEBUG org.springframework.test.annotation.ProfileValueUtils - Retrieved ProfileValueSource type [class org.springframework.test.annotation.SystemProfileValueSource] for class [com.raby.citybot.repository.repository.CityRepositoryTest]
23:00:41.962 [main] DEBUG org.springframework.test.annotation.ProfileValueUtils - Retrieved @ProfileValueSourceConfiguration [null] for test class [com.raby.citybot.repository.repository.CityRepositoryTest]
23:00:41.962 [main] DEBUG org.springframework.test.annotation.ProfileValueUtils - Retrieved ProfileValueSource type [class org.springframework.test.annotation.SystemProfileValueSource] for class [com.raby.citybot.repository.repository.CityRepositoryTest]
23:00:41.962 [main] DEBUG org.springframework.test.annotation.ProfileValueUtils - Retrieved @ProfileValueSourceConfiguration [null] for test class [com.raby.citybot.repository.repository.CityRepositoryTest]
23:00:41.962 [main] DEBUG org.springframework.test.annotation.ProfileValueUtils - Retrieved ProfileValueSource type [class org.springframework.test.annotation.SystemProfileValueSource] for class [com.raby.citybot.repository.repository.CityRepositoryTest]
23:00:41.993 [main] DEBUG org.springframework.test.context.junit4.SpringJUnit4ClassRunner - SpringJUnit4ClassRunner constructor called with [class com.raby.citybot.repository.repository.CityRepositoryTest]
23:00:41.993 [main] DEBUG org.springframework.test.context.BootstrapUtils - Instantiating CacheAwareContextLoaderDelegate from class [org.springframework.test.context.cache.DefaultCacheAwareContextLoaderDelegate]
23:00:41.993 [main] DEBUG org.springframework.test.context.BootstrapUtils - Instantiating BootstrapContext using constructor [public org.springframework.test.context.support.DefaultBootstrapContext(java.lang.Class,org.springframework.test.context.CacheAwareContextLoaderDelegate)]
23:00:41.993 [main] DEBUG org.springframework.test.context.BootstrapUtils - Instantiating TestContextBootstrapper for test class [com.raby.citybot.repository.repository.CityRepositoryTest] from class [org.springframework.test.context.support.DefaultTestContextBootstrapper]
23:00:42.009 [main] DEBUG org.springframework.test.context.support.DefaultTestContextBootstrapper - Found explicit ContextLoader class [org.springframework.test.context.support.AnnotationConfigContextLoader] for context configuration attributes [ContextConfigurationAttributes@33f676f6 declaringClass = 'com.raby.citybot.repository.repository.CityRepositoryTest', classes = '{class com.raby.citybot.repository.configuration.RepositoryConfig}', locations = '{}', inheritLocations = true, initializers = '{}', inheritInitializers = true, name = [null], contextLoaderClass = 'org.springframework.test.context.support.AnnotationConfigContextLoader']
23:00:42.009 [main] DEBUG org.springframework.test.context.support.ActiveProfilesUtils - Could not find an 'annotation declaring class' for annotation type [org.springframework.test.context.ActiveProfiles] and class [com.raby.citybot.repository.repository.CityRepositoryTest]
23:00:42.009 [main] DEBUG org.springframework.test.context.support.DefaultTestContextBootstrapper - @TestExecutionListeners is not present for class [com.raby.citybot.repository.repository.CityRepositoryTest]: using defaults.
23:00:42.009 [main] INFO org.springframework.test.context.support.DefaultTestContextBootstrapper - Loaded default TestExecutionListener class names from location [META-INF/spring.factories]: [org.springframework.boot.test.mock.mockito.MockitoTestExecutionListener, org.springframework.boot.test.mock.mockito.ResetMocksTestExecutionListener, org.springframework.boot.test.autoconfigure.restdocs.RestDocsTestExecutionListener, org.springframework.boot.test.autoconfigure.web.client.MockRestServiceServerResetTestExecutionListener, org.springframework.boot.test.autoconfigure.web.servlet.MockMvcPrintOnlyOnFailureTestExecutionListener, org.springframework.boot.test.autoconfigure.web.servlet.WebDriverTestExecutionListener, org.springframework.boot.test.autoconfigure.webservices.client.MockWebServiceServerTestExecutionListener, org.springframework.test.context.web.ServletTestExecutionListener, org.springframework.test.context.support.DirtiesContextBeforeModesTestExecutionListener, org.springframework.test.context.support.DependencyInjectionTestExecutionListener, org.springframework.test.context.support.DirtiesContextTestExecutionListener, org.springframework.test.context.transaction.TransactionalTestExecutionListener, org.springframework.test.context.jdbc.SqlScriptsTestExecutionListener, org.springframework.test.context.event.EventPublishingTestExecutionListener]
23:00:42.009 [main] INFO org.springframework.test.context.support.DefaultTestContextBootstrapper - Using TestExecutionListeners: [org.springframework.test.context.web.ServletTestExecutionListener@4c5ae43b, org.springframework.test.context.support.DirtiesContextBeforeModesTestExecutionListener@264f218, org.springframework.boot.test.mock.mockito.MockitoTestExecutionListener@3576ddc2, org.springframework.test.context.support.DependencyInjectionTestExecutionListener@35b74c5c, org.springframework.test.context.support.DirtiesContextTestExecutionListener@2e570ded, org.springframework.test.context.transaction.TransactionalTestExecutionListener@b86de0d, org.springframework.test.context.jdbc.SqlScriptsTestExecutionListener@81d9a72, org.springframework.test.context.event.EventPublishingTestExecutionListener@747f281, org.springframework.boot.test.mock.mockito.ResetMocksTestExecutionListener@1169afe1, org.springframework.boot.test.autoconfigure.restdocs.RestDocsTestExecutionListener@2ca26d77, org.springframework.boot.test.autoconfigure.web.client.MockRestServiceServerResetTestExecutionListener@4808bc9b, org.springframework.boot.test.autoconfigure.web.servlet.MockMvcPrintOnlyOnFailureTestExecutionListener@70e38ce1, org.springframework.boot.test.autoconfigure.web.servlet.WebDriverTestExecutionListener@2ca923bb, org.springframework.boot.test.autoconfigure.webservices.client.MockWebServiceServerTestExecutionListener@13df2a8c]
23:00:42.009 [main] DEBUG org.springframework.test.annotation.ProfileValueUtils - Retrieved @ProfileValueSourceConfiguration [null] for test class [com.raby.citybot.repository.repository.CityRepositoryTest]
23:00:42.009 [main] DEBUG org.springframework.test.annotation.ProfileValueUtils - Retrieved ProfileValueSource type [class org.springframework.test.annotation.SystemProfileValueSource] for class [com.raby.citybot.repository.repository.CityRepositoryTest]
23:00:42.009 [main] DEBUG org.springframework.test.annotation.ProfileValueUtils - Retrieved @ProfileValueSourceConfiguration [null] for test class [com.raby.citybot.repository.repository.CityRepositoryTest]
23:00:42.009 [main] DEBUG org.springframework.test.annotation.ProfileValueUtils - Retrieved ProfileValueSource type [class org.springframework.test.annotation.SystemProfileValueSource] for class [com.raby.citybot.repository.repository.CityRepositoryTest]
23:00:42.009 [main] DEBUG org.springframework.test.annotation.ProfileValueUtils - Retrieved @ProfileValueSourceConfiguration [null] for test class [com.raby.citybot.repository.repository.CityRepositoryTest]
23:00:42.009 [main] DEBUG org.springframework.test.annotation.ProfileValueUtils - Retrieved ProfileValueSource type [class org.springframework.test.annotation.SystemProfileValueSource] for class [com.raby.citybot.repository.repository.CityRepositoryTest]
[MockitoHint] CityInfoControllerTest.testAdd (see javadoc for MockitoHint):
[MockitoHint] 1. Unused -> at com.raby.citybot.controller.CityInfoControllerTest.testAdd(CityInfoControllerTest.java:43)

]]></system-out>
  </testcase>
  <testcase name="testAddNegative" classname="com.raby.citybot.controller.CityInfoControllerTest" time="0.016">
    <system-out><![CDATA[[MockitoHint] CityInfoControllerTest.testAddNegative (see javadoc for MockitoHint):
[MockitoHint] 1. Unused -> at com.raby.citybot.controller.CityInfoControllerTest.testAddNegative(CityInfoControllerTest.java:58)

]]></system-out>
  </testcase>
</testsuite>